library/build/intermediates/manifest_merge_blame_file/debug/manifest-merger-blame-debug-report.txt
1<?xml version="1.0" encoding="utf-8"?>
2<manifest xmlns:android="http://schemas.android.com/apk/res/android"
3    xmlns:tools="http://schemas.android.com/tools"
4    package="cn.pedant.SweetAlert"
5    android:versionCode="2"
6    android:versionName="1.1" >
7
8    <uses-sdk
8-->src/main/AndroidManifest.xml:7:5-47
9        android:minSdkVersion="14"
9-->src/main/AndroidManifest.xml:7:5-47
10        android:targetSdkVersion="29" />
10-->src/main/AndroidManifest.xml:7:15-44
11
12    <application>
12-->src/main/AndroidManifest.xml:9:5-11:19
13    </application>
14
15</manifest>